<?xml version="1.0" encoding="UTF-8"?>
<testsuite name="com.SpringBoot.SpringBootPart1.SpringBootPart1ApplicationTests" tests="2" skipped="0" failures="0" errors="0" timestamp="2020-07-26T23:33:44" hostname="admin2-ThinkCentre-M72e" time="0.175">
  <properties/>
  <testcase name="userController()" classname="com.SpringBoot.SpringBootPart1.SpringBootPart1ApplicationTests" time="0.094"/>
  <testcase name="testSecurityConfig()" classname="com.SpringBoot.SpringBootPart1.SpringBootPart1ApplicationTests" time="0.079"/>
  <system-out><![CDATA[]]></system-out>
  <system-err><![CDATA[]]></system-err>
</testsuite>
